2025-02-03 20:48:00.821 | INFO     | utils.utils_logger:<module>:38 - Logging to file: logs\project_log.log
2025-02-03 20:48:00.822 | INFO     | __main__:<module>:50 - Project root: C:\Users\priya\NWMSU\buzzline-04-priyanka
2025-02-03 20:48:00.822 | INFO     | __main__:<module>:54 - Data folder: C:\Users\priya\NWMSU\buzzline-04-priyanka\data
2025-02-03 20:48:00.822 | INFO     | __main__:<module>:58 - Data file: C:\Users\priya\NWMSU\buzzline-04-priyanka\data\buzz_live.json
2025-02-03 20:48:00.822 | INFO     | __main__:main:125 - START producer...
2025-02-03 20:48:00.822 | INFO     | __main__:main:126 - Hit CTRL c (or CMD c) to close.
2025-02-03 20:48:00.823 | INFO     | __main__:get_message_interval:40 - Message interval: 3 seconds
2025-02-03 20:48:00.823 | INFO     | __main__:main:134 - {'message': 'I just shared a trick! It was boring.', 'author': 'Charlie'}
2025-02-03 20:48:03.824 | INFO     | __main__:main:134 - {'message': 'I just shared an app! It was boring.', 'author': 'Eve'}
2025-02-03 20:48:06.826 | INFO     | __main__:main:134 - {'message': 'I just found an app! It was weird.', 'author': 'Bob'}
2025-02-03 20:48:09.828 | INFO     | __main__:main:134 - {'message': 'I just found an app! It was weird.', 'author': 'Eve'}
2025-02-03 20:48:12.831 | INFO     | __main__:main:134 - {'message': 'I just tried a meme! It was amazing.', 'author': 'Bob'}
2025-02-03 20:48:15.833 | INFO     | __main__:main:134 - {'message': 'I just tried a movie! It was boring.', 'author': 'Bob'}
2025-02-03 20:48:18.835 | INFO     | __main__:main:134 - {'message': 'I just loved a trick! It was amazing.', 'author': 'Eve'}
2025-02-03 20:48:21.837 | INFO     | __main__:main:134 - {'message': 'I just found a meme! It was exciting.', 'author': 'Eve'}
2025-02-03 20:48:24.839 | INFO     | __main__:main:134 - {'message': 'I just saw a movie! It was boring.', 'author': 'Eve'}
2025-02-03 20:48:27.852 | INFO     | __main__:main:134 - {'message': 'I just tried a movie! It was exciting.', 'author': 'Eve'}
2025-02-03 20:48:30.855 | INFO     | __main__:main:134 - {'message': 'I just tried a meme! It was funny.', 'author': 'Alice'}
2025-02-03 20:48:33.858 | INFO     | __main__:main:134 - {'message': 'I just tried a story! It was exciting.', 'author': 'Eve'}
2025-02-03 20:48:36.861 | INFO     | __main__:main:134 - {'message': 'I just tried a story! It was boring.', 'author': 'Eve'}
2025-02-03 20:48:39.863 | INFO     | __main__:main:134 - {'message': 'I just found a story! It was exciting.', 'author': 'Eve'}
2025-02-03 20:48:42.865 | INFO     | __main__:main:134 - {'message': 'I just found an app! It was amazing.', 'author': 'Bob'}
2025-02-03 20:48:45.867 | INFO     | __main__:main:134 - {'message': 'I just tried a trick! It was boring.', 'author': 'Eve'}
2025-02-03 20:48:48.870 | INFO     | __main__:main:134 - {'message': 'I just loved a meme! It was funny.', 'author': 'Bob'}
2025-02-03 20:48:51.873 | INFO     | __main__:main:134 - {'message': 'I just shared a story! It was funny.', 'author': 'Bob'}
2025-02-03 20:48:54.876 | INFO     | __main__:main:134 - {'message': 'I just shared a story! It was funny.', 'author': 'Eve'}
2025-02-03 20:48:57.877 | INFO     | __main__:main:134 - {'message': 'I just found a story! It was boring.', 'author': 'Bob'}
2025-02-03 20:49:00.879 | INFO     | __main__:main:134 - {'message': 'I just saw a meme! It was amazing.', 'author': 'Bob'}
2025-02-03 20:49:03.880 | INFO     | __main__:main:134 - {'message': 'I just saw a story! It was boring.', 'author': 'Eve'}
2025-02-03 20:49:06.883 | INFO     | __main__:main:134 - {'message': 'I just tried a story! It was weird.', 'author': 'Alice'}
2025-02-03 20:49:09.886 | INFO     | __main__:main:134 - {'message': 'I just shared a trick! It was weird.', 'author': 'Eve'}
2025-02-03 20:49:12.889 | INFO     | __main__:main:134 - {'message': 'I just saw a story! It was weird.', 'author': 'Alice'}
2025-02-03 20:49:15.138 | INFO     | utils.utils_logger:<module>:38 - Logging to file: logs\project_log.log
2025-02-03 20:49:15.139 | INFO     | __main__:<module>:38 - Project root: C:\Users\priya\NWMSU\buzzline-04-priyanka
2025-02-03 20:49:15.139 | INFO     | __main__:<module>:39 - Data folder: C:\Users\priya\NWMSU\buzzline-04-priyanka\data
2025-02-03 20:49:15.139 | INFO     | __main__:<module>:40 - Data file: C:\Users\priya\NWMSU\buzzline-04-priyanka\data\buzz_live.json
2025-02-03 20:49:15.891 | INFO     | __main__:main:134 - {'message': 'I just saw a story! It was exciting.', 'author': 'Alice'}
2025-02-03 20:49:17.064 | INFO     | __main__:main:155 - START consumer.
2025-02-03 20:49:18.894 | INFO     | __main__:main:134 - {'message': 'I just found a movie! It was funny.', 'author': 'Bob'}
2025-02-03 20:49:19.071 | INFO     | __main__:process_message:115 - Processed JSON message: {'message': 'I just found a movie! It was funny.', 'author': 'Bob'}
2025-02-03 20:49:19.071 | INFO     | __main__:process_message:121 - Message received from author: Bob
2025-02-03 20:49:19.072 | INFO     | __main__:process_message:127 - Updated author counts: {'Bob': 1}
2025-02-03 20:49:19.207 | INFO     | __main__:process_message:133 - Chart updated successfully for message: {"message": "I just found a movie! It was funny.", "author": "Bob"}

2025-02-03 20:49:21.897 | INFO     | __main__:main:134 - {'message': 'I just found a trick! It was amazing.', 'author': 'Alice'}
2025-02-03 20:49:22.217 | INFO     | __main__:process_message:115 - Processed JSON message: {'message': 'I just found a trick! It was amazing.', 'author': 'Alice'}
2025-02-03 20:49:22.218 | INFO     | __main__:process_message:121 - Message received from author: Alice
2025-02-03 20:49:22.219 | INFO     | __main__:process_message:127 - Updated author counts: {'Bob': 1, 'Alice': 1}
2025-02-03 20:49:22.279 | INFO     | __main__:process_message:133 - Chart updated successfully for message: {"message": "I just found a trick! It was amazing.", "author": "Alice"}

2025-02-03 20:49:24.899 | INFO     | __main__:main:134 - {'message': 'I just shared a movie! It was weird.', 'author': 'Charlie'}
2025-02-03 20:49:25.288 | INFO     | __main__:process_message:115 - Processed JSON message: {'message': 'I just shared a movie! It was weird.', 'author': 'Charlie'}
2025-02-03 20:49:25.289 | INFO     | __main__:process_message:121 - Message received from author: Charlie
2025-02-03 20:49:25.290 | INFO     | __main__:process_message:127 - Updated author counts: {'Bob': 1, 'Alice': 1, 'Charlie': 1}
2025-02-03 20:49:25.369 | INFO     | __main__:process_message:133 - Chart updated successfully for message: {"message": "I just shared a movie! It was weird.", "author": "Charlie"}

2025-02-03 20:49:27.902 | INFO     | __main__:main:134 - {'message': 'I just found a movie! It was amazing.', 'author': 'Alice'}
2025-02-03 20:49:28.380 | INFO     | __main__:process_message:115 - Processed JSON message: {'message': 'I just found a movie! It was amazing.', 'author': 'Alice'}
2025-02-03 20:49:28.381 | INFO     | __main__:process_message:121 - Message received from author: Alice
2025-02-03 20:49:28.382 | INFO     | __main__:process_message:127 - Updated author counts: {'Bob': 1, 'Alice': 2, 'Charlie': 1}
2025-02-03 20:49:28.462 | INFO     | __main__:process_message:133 - Chart updated successfully for message: {"message": "I just found a movie! It was amazing.", "author": "Alice"}

2025-02-03 20:49:30.905 | INFO     | __main__:main:134 - {'message': 'I just saw a trick! It was boring.', 'author': 'Bob'}
2025-02-03 20:49:30.970 | INFO     | __main__:process_message:115 - Processed JSON message: {'message': 'I just saw a trick! It was boring.', 'author': 'Bob'}
2025-02-03 20:49:30.971 | INFO     | __main__:process_message:121 - Message received from author: Bob
2025-02-03 20:49:30.972 | INFO     | __main__:process_message:127 - Updated author counts: {'Bob': 2, 'Alice': 2, 'Charlie': 1}
2025-02-03 20:49:31.042 | INFO     | __main__:process_message:133 - Chart updated successfully for message: {"message": "I just saw a trick! It was boring.", "author": "Bob"}

2025-02-03 20:49:33.908 | INFO     | __main__:main:134 - {'message': 'I just loved an app! It was boring.', 'author': 'Bob'}
2025-02-03 20:49:34.054 | INFO     | __main__:process_message:115 - Processed JSON message: {'message': 'I just loved an app! It was boring.', 'author': 'Bob'}
2025-02-03 20:49:34.055 | INFO     | __main__:process_message:121 - Message received from author: Bob
2025-02-03 20:49:34.055 | INFO     | __main__:process_message:127 - Updated author counts: {'Bob': 3, 'Alice': 2, 'Charlie': 1}
2025-02-03 20:49:34.148 | INFO     | __main__:process_message:133 - Chart updated successfully for message: {"message": "I just loved an app! It was boring.", "author": "Bob"}

2025-02-03 20:49:36.911 | INFO     | __main__:main:134 - {'message': 'I just saw a trick! It was amazing.', 'author': 'Alice'}
2025-02-03 20:49:37.161 | INFO     | __main__:process_message:115 - Processed JSON message: {'message': 'I just saw a trick! It was amazing.', 'author': 'Alice'}
2025-02-03 20:49:37.162 | INFO     | __main__:process_message:121 - Message received from author: Alice
2025-02-03 20:49:37.162 | INFO     | __main__:process_message:127 - Updated author counts: {'Bob': 3, 'Alice': 3, 'Charlie': 1}
2025-02-03 20:49:37.257 | INFO     | __main__:process_message:133 - Chart updated successfully for message: {"message": "I just saw a trick! It was amazing.", "author": "Alice"}

2025-02-03 20:49:39.913 | INFO     | __main__:main:134 - {'message': 'I just shared an app! It was weird.', 'author': 'Charlie'}
2025-02-03 20:49:40.268 | INFO     | __main__:process_message:115 - Processed JSON message: {'message': 'I just shared an app! It was weird.', 'author': 'Charlie'}
2025-02-03 20:49:40.269 | INFO     | __main__:process_message:121 - Message received from author: Charlie
2025-02-03 20:49:40.269 | INFO     | __main__:process_message:127 - Updated author counts: {'Bob': 3, 'Alice': 3, 'Charlie': 2}
2025-02-03 20:49:40.340 | INFO     | __main__:process_message:133 - Chart updated successfully for message: {"message": "I just shared an app! It was weird.", "author": "Charlie"}

2025-02-03 20:49:42.915 | INFO     | __main__:main:134 - {'message': 'I just shared a movie! It was weird.', 'author': 'Bob'}
2025-02-03 20:49:43.351 | INFO     | __main__:process_message:115 - Processed JSON message: {'message': 'I just shared a movie! It was weird.', 'author': 'Bob'}
2025-02-03 20:49:43.352 | INFO     | __main__:process_message:121 - Message received from author: Bob
2025-02-03 20:49:43.353 | INFO     | __main__:process_message:127 - Updated author counts: {'Bob': 4, 'Alice': 3, 'Charlie': 2}
2025-02-03 20:49:43.433 | INFO     | __main__:process_message:133 - Chart updated successfully for message: {"message": "I just shared a movie! It was weird.", "author": "Bob"}

2025-02-03 20:49:45.918 | INFO     | __main__:main:134 - {'message': 'I just tried a meme! It was amazing.', 'author': 'Charlie'}
2025-02-03 20:49:45.943 | INFO     | __main__:process_message:115 - Processed JSON message: {'message': 'I just tried a meme! It was amazing.', 'author': 'Charlie'}
2025-02-03 20:49:45.943 | INFO     | __main__:process_message:121 - Message received from author: Charlie
2025-02-03 20:49:45.944 | INFO     | __main__:process_message:127 - Updated author counts: {'Bob': 4, 'Alice': 3, 'Charlie': 3}
2025-02-03 20:49:46.011 | INFO     | __main__:process_message:133 - Chart updated successfully for message: {"message": "I just tried a meme! It was amazing.", "author": "Charlie"}

2025-02-03 20:49:48.921 | INFO     | __main__:main:134 - {'message': 'I just shared a story! It was boring.', 'author': 'Eve'}
2025-02-03 20:49:49.022 | INFO     | __main__:process_message:115 - Processed JSON message: {'message': 'I just shared a story! It was boring.', 'author': 'Eve'}
2025-02-03 20:49:49.023 | INFO     | __main__:process_message:121 - Message received from author: Eve
2025-02-03 20:49:49.024 | INFO     | __main__:process_message:127 - Updated author counts: {'Bob': 4, 'Alice': 3, 'Charlie': 3, 'Eve': 1}
2025-02-03 20:49:49.104 | INFO     | __main__:process_message:133 - Chart updated successfully for message: {"message": "I just shared a story! It was boring.", "author": "Eve"}

2025-02-03 20:49:51.924 | INFO     | __main__:main:134 - {'message': 'I just saw a meme! It was exciting.', 'author': 'Charlie'}
2025-02-03 20:49:52.116 | INFO     | __main__:process_message:115 - Processed JSON message: {'message': 'I just saw a meme! It was exciting.', 'author': 'Charlie'}
2025-02-03 20:49:52.117 | INFO     | __main__:process_message:121 - Message received from author: Charlie
2025-02-03 20:49:52.118 | INFO     | __main__:process_message:127 - Updated author counts: {'Bob': 4, 'Alice': 3, 'Charlie': 4, 'Eve': 1}
2025-02-03 20:49:52.209 | INFO     | __main__:process_message:133 - Chart updated successfully for message: {"message": "I just saw a meme! It was exciting.", "author": "Charlie"}

2025-02-03 20:49:54.926 | INFO     | __main__:main:134 - {'message': 'I just loved a movie! It was boring.', 'author': 'Alice'}
2025-02-03 20:49:55.220 | INFO     | __main__:process_message:115 - Processed JSON message: {'message': 'I just loved a movie! It was boring.', 'author': 'Alice'}
2025-02-03 20:49:55.221 | INFO     | __main__:process_message:121 - Message received from author: Alice
2025-02-03 20:49:55.222 | INFO     | __main__:process_message:127 - Updated author counts: {'Bob': 4, 'Alice': 4, 'Charlie': 4, 'Eve': 1}
2025-02-03 20:49:55.310 | INFO     | __main__:process_message:133 - Chart updated successfully for message: {"message": "I just loved a movie! It was boring.", "author": "Alice"}

2025-02-03 20:49:57.929 | INFO     | __main__:main:134 - {'message': 'I just shared a meme! It was exciting.', 'author': 'Charlie'}
2025-02-03 20:49:58.322 | INFO     | __main__:process_message:115 - Processed JSON message: {'message': 'I just shared a meme! It was exciting.', 'author': 'Charlie'}
2025-02-03 20:49:58.333 | INFO     | __main__:process_message:121 - Message received from author: Charlie
2025-02-03 20:49:58.334 | INFO     | __main__:process_message:127 - Updated author counts: {'Bob': 4, 'Alice': 4, 'Charlie': 5, 'Eve': 1}
2025-02-03 20:49:58.422 | INFO     | __main__:process_message:133 - Chart updated successfully for message: {"message": "I just shared a meme! It was exciting.", "author": "Charlie"}

2025-02-03 20:50:00.932 | INFO     | __main__:main:134 - {'message': 'I just saw a story! It was weird.', 'author': 'Bob'}
2025-02-03 20:50:01.432 | INFO     | __main__:process_message:115 - Processed JSON message: {'message': 'I just saw a story! It was weird.', 'author': 'Bob'}
2025-02-03 20:50:01.433 | INFO     | __main__:process_message:121 - Message received from author: Bob
2025-02-03 20:50:01.434 | INFO     | __main__:process_message:127 - Updated author counts: {'Bob': 5, 'Alice': 4, 'Charlie': 5, 'Eve': 1}
2025-02-03 20:50:01.507 | INFO     | __main__:process_message:133 - Chart updated successfully for message: {"message": "I just saw a story! It was weird.", "author": "Bob"}

2025-02-03 20:50:03.934 | INFO     | __main__:main:134 - {'message': 'I just found a story! It was exciting.', 'author': 'Eve'}
2025-02-03 20:50:04.016 | INFO     | __main__:process_message:115 - Processed JSON message: {'message': 'I just found a story! It was exciting.', 'author': 'Eve'}
2025-02-03 20:50:04.017 | INFO     | __main__:process_message:121 - Message received from author: Eve
2025-02-03 20:50:04.018 | INFO     | __main__:process_message:127 - Updated author counts: {'Bob': 5, 'Alice': 4, 'Charlie': 5, 'Eve': 2}
2025-02-03 20:50:04.096 | INFO     | __main__:process_message:133 - Chart updated successfully for message: {"message": "I just found a story! It was exciting.", "author": "Eve"}

2025-02-03 20:50:06.937 | INFO     | __main__:main:134 - {'message': 'I just tried a story! It was amazing.', 'author': 'Charlie'}
2025-02-03 20:50:07.108 | INFO     | __main__:process_message:115 - Processed JSON message: {'message': 'I just tried a story! It was amazing.', 'author': 'Charlie'}
2025-02-03 20:50:07.108 | INFO     | __main__:process_message:121 - Message received from author: Charlie
2025-02-03 20:50:07.109 | INFO     | __main__:process_message:127 - Updated author counts: {'Bob': 5, 'Alice': 4, 'Charlie': 6, 'Eve': 2}
2025-02-03 20:50:07.195 | INFO     | __main__:process_message:133 - Chart updated successfully for message: {"message": "I just tried a story! It was amazing.", "author": "Charlie"}

2025-02-03 20:50:09.940 | INFO     | __main__:main:134 - {'message': 'I just shared a story! It was funny.', 'author': 'Bob'}
2025-02-03 20:50:10.206 | INFO     | __main__:process_message:115 - Processed JSON message: {'message': 'I just shared a story! It was funny.', 'author': 'Bob'}
2025-02-03 20:50:10.207 | INFO     | __main__:process_message:121 - Message received from author: Bob
2025-02-03 20:50:10.208 | INFO     | __main__:process_message:127 - Updated author counts: {'Bob': 6, 'Alice': 4, 'Charlie': 6, 'Eve': 2}
2025-02-03 20:50:10.298 | INFO     | __main__:process_message:133 - Chart updated successfully for message: {"message": "I just shared a story! It was funny.", "author": "Bob"}

2025-02-03 20:50:12.943 | INFO     | __main__:main:134 - {'message': 'I just saw a story! It was boring.', 'author': 'Eve'}
2025-02-03 20:50:13.311 | INFO     | __main__:process_message:115 - Processed JSON message: {'message': 'I just saw a story! It was boring.', 'author': 'Eve'}
2025-02-03 20:50:13.312 | INFO     | __main__:process_message:121 - Message received from author: Eve
2025-02-03 20:50:13.313 | INFO     | __main__:process_message:127 - Updated author counts: {'Bob': 6, 'Alice': 4, 'Charlie': 6, 'Eve': 3}
2025-02-03 20:50:13.390 | INFO     | __main__:process_message:133 - Chart updated successfully for message: {"message": "I just saw a story! It was boring.", "author": "Eve"}

2025-02-03 20:50:15.945 | INFO     | __main__:main:134 - {'message': 'I just saw an app! It was exciting.', 'author': 'Charlie'}
2025-02-03 20:50:16.401 | INFO     | __main__:process_message:115 - Processed JSON message: {'message': 'I just saw an app! It was exciting.', 'author': 'Charlie'}
2025-02-03 20:50:16.401 | INFO     | __main__:process_message:121 - Message received from author: Charlie
2025-02-03 20:50:16.401 | INFO     | __main__:process_message:127 - Updated author counts: {'Bob': 6, 'Alice': 4, 'Charlie': 7, 'Eve': 3}
2025-02-03 20:50:16.457 | INFO     | __main__:process_message:133 - Chart updated successfully for message: {"message": "I just saw an app! It was exciting.", "author": "Charlie"}

2025-02-03 20:50:18.948 | INFO     | __main__:main:134 - {'message': 'I just saw a story! It was funny.', 'author': 'Alice'}
2025-02-03 20:50:18.963 | INFO     | __main__:process_message:115 - Processed JSON message: {'message': 'I just saw a story! It was funny.', 'author': 'Alice'}
2025-02-03 20:50:18.963 | INFO     | __main__:process_message:121 - Message received from author: Alice
2025-02-03 20:50:18.963 | INFO     | __main__:process_message:127 - Updated author counts: {'Bob': 6, 'Alice': 5, 'Charlie': 7, 'Eve': 3}
2025-02-03 20:50:19.029 | INFO     | __main__:process_message:133 - Chart updated successfully for message: {"message": "I just saw a story! It was funny.", "author": "Alice"}

2025-02-03 20:50:21.949 | INFO     | __main__:main:134 - {'message': 'I just shared a trick! It was exciting.', 'author': 'Charlie'}
2025-02-03 20:50:22.036 | INFO     | __main__:process_message:115 - Processed JSON message: {'message': 'I just shared a trick! It was exciting.', 'author': 'Charlie'}
2025-02-03 20:50:22.037 | INFO     | __main__:process_message:121 - Message received from author: Charlie
2025-02-03 20:50:22.038 | INFO     | __main__:process_message:127 - Updated author counts: {'Bob': 6, 'Alice': 5, 'Charlie': 8, 'Eve': 3}
2025-02-03 20:50:22.114 | INFO     | __main__:process_message:133 - Chart updated successfully for message: {"message": "I just shared a trick! It was exciting.", "author": "Charlie"}

2025-02-03 20:50:24.951 | INFO     | __main__:main:134 - {'message': 'I just saw a story! It was boring.', 'author': 'Alice'}
2025-02-03 20:50:25.124 | INFO     | __main__:process_message:115 - Processed JSON message: {'message': 'I just saw a story! It was boring.', 'author': 'Alice'}
2025-02-03 20:50:25.125 | INFO     | __main__:process_message:121 - Message received from author: Alice
2025-02-03 20:50:25.126 | INFO     | __main__:process_message:127 - Updated author counts: {'Bob': 6, 'Alice': 6, 'Charlie': 8, 'Eve': 3}
2025-02-03 20:50:25.208 | INFO     | __main__:process_message:133 - Chart updated successfully for message: {"message": "I just saw a story! It was boring.", "author": "Alice"}

2025-02-03 20:50:27.954 | INFO     | __main__:main:134 - {'message': 'I just saw an app! It was amazing.', 'author': 'Alice'}
2025-02-03 20:50:28.217 | INFO     | __main__:process_message:115 - Processed JSON message: {'message': 'I just saw an app! It was amazing.', 'author': 'Alice'}
2025-02-03 20:50:28.219 | INFO     | __main__:process_message:121 - Message received from author: Alice
2025-02-03 20:50:28.220 | INFO     | __main__:process_message:127 - Updated author counts: {'Bob': 6, 'Alice': 7, 'Charlie': 8, 'Eve': 3}
2025-02-03 20:50:28.305 | INFO     | __main__:process_message:133 - Chart updated successfully for message: {"message": "I just saw an app! It was amazing.", "author": "Alice"}

2025-02-03 20:50:30.957 | INFO     | __main__:main:134 - {'message': 'I just saw a story! It was amazing.', 'author': 'Alice'}
2025-02-03 20:50:31.315 | INFO     | __main__:process_message:115 - Processed JSON message: {'message': 'I just saw a story! It was amazing.', 'author': 'Alice'}
2025-02-03 20:50:31.315 | INFO     | __main__:process_message:121 - Message received from author: Alice
2025-02-03 20:50:31.316 | INFO     | __main__:process_message:127 - Updated author counts: {'Bob': 6, 'Alice': 8, 'Charlie': 8, 'Eve': 3}
2025-02-03 20:50:31.404 | INFO     | __main__:process_message:133 - Chart updated successfully for message: {"message": "I just saw a story! It was amazing.", "author": "Alice"}

2025-02-03 20:50:33.959 | INFO     | __main__:main:134 - {'message': 'I just found a story! It was amazing.', 'author': 'Charlie'}
2025-02-03 20:50:34.413 | INFO     | __main__:process_message:115 - Processed JSON message: {'message': 'I just found a story! It was amazing.', 'author': 'Charlie'}
2025-02-03 20:50:34.414 | INFO     | __main__:process_message:121 - Message received from author: Charlie
2025-02-03 20:50:34.414 | INFO     | __main__:process_message:127 - Updated author counts: {'Bob': 6, 'Alice': 8, 'Charlie': 9, 'Eve': 3}
2025-02-03 20:50:34.491 | INFO     | __main__:process_message:133 - Chart updated successfully for message: {"message": "I just found a story! It was amazing.", "author": "Charlie"}

2025-02-03 20:50:36.961 | INFO     | __main__:main:134 - {'message': 'I just saw a movie! It was amazing.', 'author': 'Bob'}
2025-02-03 20:50:36.999 | INFO     | __main__:process_message:115 - Processed JSON message: {'message': 'I just saw a movie! It was amazing.', 'author': 'Bob'}
2025-02-03 20:50:37.000 | INFO     | __main__:process_message:121 - Message received from author: Bob
2025-02-03 20:50:37.001 | INFO     | __main__:process_message:127 - Updated author counts: {'Bob': 7, 'Alice': 8, 'Charlie': 9, 'Eve': 3}
2025-02-03 20:50:37.077 | INFO     | __main__:process_message:133 - Chart updated successfully for message: {"message": "I just saw a movie! It was amazing.", "author": "Bob"}

2025-02-03 20:50:39.963 | INFO     | __main__:main:134 - {'message': 'I just tried a trick! It was amazing.', 'author': 'Eve'}
2025-02-03 20:50:40.086 | INFO     | __main__:process_message:115 - Processed JSON message: {'message': 'I just tried a trick! It was amazing.', 'author': 'Eve'}
2025-02-03 20:50:40.087 | INFO     | __main__:process_message:121 - Message received from author: Eve
2025-02-03 20:50:40.088 | INFO     | __main__:process_message:127 - Updated author counts: {'Bob': 7, 'Alice': 8, 'Charlie': 9, 'Eve': 4}
2025-02-03 20:50:40.166 | INFO     | __main__:process_message:133 - Chart updated successfully for message: {"message": "I just tried a trick! It was amazing.", "author": "Eve"}

2025-02-03 20:50:42.966 | INFO     | __main__:main:134 - {'message': 'I just found an app! It was weird.', 'author': 'Eve'}
2025-02-03 20:50:43.176 | INFO     | __main__:process_message:115 - Processed JSON message: {'message': 'I just found an app! It was weird.', 'author': 'Eve'}
2025-02-03 20:50:43.177 | INFO     | __main__:process_message:121 - Message received from author: Eve
2025-02-03 20:50:43.178 | INFO     | __main__:process_message:127 - Updated author counts: {'Bob': 7, 'Alice': 8, 'Charlie': 9, 'Eve': 5}
2025-02-03 20:50:43.244 | INFO     | __main__:process_message:133 - Chart updated successfully for message: {"message": "I just found an app! It was weird.", "author": "Eve"}

2025-02-03 20:50:45.969 | INFO     | __main__:main:134 - {'message': 'I just saw a movie! It was exciting.', 'author': 'Bob'}
2025-02-03 20:50:46.252 | INFO     | __main__:process_message:115 - Processed JSON message: {'message': 'I just saw a movie! It was exciting.', 'author': 'Bob'}
2025-02-03 20:50:46.253 | INFO     | __main__:process_message:121 - Message received from author: Bob
2025-02-03 20:50:46.253 | INFO     | __main__:process_message:127 - Updated author counts: {'Bob': 8, 'Alice': 8, 'Charlie': 9, 'Eve': 5}
2025-02-03 20:50:46.312 | INFO     | __main__:process_message:133 - Chart updated successfully for message: {"message": "I just saw a movie! It was exciting.", "author": "Bob"}

2025-02-03 20:50:48.971 | INFO     | __main__:main:134 - {'message': 'I just found an app! It was amazing.', 'author': 'Eve'}
2025-02-03 20:50:49.321 | INFO     | __main__:process_message:115 - Processed JSON message: {'message': 'I just found an app! It was amazing.', 'author': 'Eve'}
2025-02-03 20:50:49.322 | INFO     | __main__:process_message:121 - Message received from author: Eve
2025-02-03 20:50:49.323 | INFO     | __main__:process_message:127 - Updated author counts: {'Bob': 8, 'Alice': 8, 'Charlie': 9, 'Eve': 6}
2025-02-03 20:50:49.395 | INFO     | __main__:process_message:133 - Chart updated successfully for message: {"message": "I just found an app! It was amazing.", "author": "Eve"}

2025-02-03 20:50:51.973 | INFO     | __main__:main:134 - {'message': 'I just shared a story! It was boring.', 'author': 'Charlie'}
2025-02-03 20:50:52.405 | INFO     | __main__:process_message:115 - Processed JSON message: {'message': 'I just shared a story! It was boring.', 'author': 'Charlie'}
2025-02-03 20:50:52.406 | INFO     | __main__:process_message:121 - Message received from author: Charlie
2025-02-03 20:50:52.407 | INFO     | __main__:process_message:127 - Updated author counts: {'Bob': 8, 'Alice': 8, 'Charlie': 10, 'Eve': 6}
2025-02-03 20:50:52.488 | INFO     | __main__:process_message:133 - Chart updated successfully for message: {"message": "I just shared a story! It was boring.", "author": "Charlie"}

2025-02-03 20:50:54.976 | INFO     | __main__:main:134 - {'message': 'I just loved a story! It was boring.', 'author': 'Eve'}
2025-02-03 20:50:54.995 | INFO     | __main__:process_message:115 - Processed JSON message: {'message': 'I just loved a story! It was boring.', 'author': 'Eve'}
2025-02-03 20:50:54.995 | INFO     | __main__:process_message:121 - Message received from author: Eve
2025-02-03 20:50:54.995 | INFO     | __main__:process_message:127 - Updated author counts: {'Bob': 8, 'Alice': 8, 'Charlie': 10, 'Eve': 7}
2025-02-03 20:50:55.048 | INFO     | __main__:process_message:133 - Chart updated successfully for message: {"message": "I just loved a story! It was boring.", "author": "Eve"}

2025-02-03 20:50:57.978 | INFO     | __main__:main:134 - {'message': 'I just found an app! It was exciting.', 'author': 'Bob'}
2025-02-03 20:50:58.057 | INFO     | __main__:process_message:115 - Processed JSON message: {'message': 'I just found an app! It was exciting.', 'author': 'Bob'}
2025-02-03 20:50:58.058 | INFO     | __main__:process_message:121 - Message received from author: Bob
2025-02-03 20:50:58.059 | INFO     | __main__:process_message:127 - Updated author counts: {'Bob': 9, 'Alice': 8, 'Charlie': 10, 'Eve': 7}
2025-02-03 20:50:58.143 | INFO     | __main__:process_message:133 - Chart updated successfully for message: {"message": "I just found an app! It was exciting.", "author": "Bob"}

2025-02-03 20:51:00.981 | INFO     | __main__:main:134 - {'message': 'I just shared a movie! It was boring.', 'author': 'Bob'}
2025-02-03 20:51:01.154 | INFO     | __main__:process_message:115 - Processed JSON message: {'message': 'I just shared a movie! It was boring.', 'author': 'Bob'}
2025-02-03 20:51:01.155 | INFO     | __main__:process_message:121 - Message received from author: Bob
2025-02-03 20:51:01.155 | INFO     | __main__:process_message:127 - Updated author counts: {'Bob': 10, 'Alice': 8, 'Charlie': 10, 'Eve': 7}
2025-02-03 20:51:01.418 | INFO     | __main__:process_message:133 - Chart updated successfully for message: {"message": "I just shared a movie! It was boring.", "author": "Bob"}

2025-02-03 20:51:03.983 | INFO     | __main__:main:134 - {'message': 'I just tried an app! It was weird.', 'author': 'Eve'}
2025-02-03 20:51:04.426 | INFO     | __main__:process_message:115 - Processed JSON message: {'message': 'I just tried an app! It was weird.', 'author': 'Eve'}
2025-02-03 20:51:04.427 | INFO     | __main__:process_message:121 - Message received from author: Eve
2025-02-03 20:51:04.428 | INFO     | __main__:process_message:127 - Updated author counts: {'Bob': 10, 'Alice': 8, 'Charlie': 10, 'Eve': 8}
2025-02-03 20:51:04.502 | INFO     | __main__:process_message:133 - Chart updated successfully for message: {"message": "I just tried an app! It was weird.", "author": "Eve"}

2025-02-03 20:51:06.985 | INFO     | __main__:main:134 - {'message': 'I just saw a story! It was boring.', 'author': 'Eve'}
2025-02-03 20:51:07.010 | INFO     | __main__:process_message:115 - Processed JSON message: {'message': 'I just saw a story! It was boring.', 'author': 'Eve'}
2025-02-03 20:51:07.011 | INFO     | __main__:process_message:121 - Message received from author: Eve
2025-02-03 20:51:07.012 | INFO     | __main__:process_message:127 - Updated author counts: {'Bob': 10, 'Alice': 8, 'Charlie': 10, 'Eve': 9}
2025-02-03 20:51:07.093 | INFO     | __main__:process_message:133 - Chart updated successfully for message: {"message": "I just saw a story! It was boring.", "author": "Eve"}

2025-02-03 20:51:09.987 | INFO     | __main__:main:134 - {'message': 'I just loved a movie! It was weird.', 'author': 'Alice'}
2025-02-03 20:51:10.102 | INFO     | __main__:process_message:115 - Processed JSON message: {'message': 'I just loved a movie! It was weird.', 'author': 'Alice'}
2025-02-03 20:51:10.103 | INFO     | __main__:process_message:121 - Message received from author: Alice
2025-02-03 20:51:10.104 | INFO     | __main__:process_message:127 - Updated author counts: {'Bob': 10, 'Alice': 9, 'Charlie': 10, 'Eve': 9}
2025-02-03 20:51:10.178 | INFO     | __main__:process_message:133 - Chart updated successfully for message: {"message": "I just loved a movie! It was weird.", "author": "Alice"}

2025-02-03 20:51:12.990 | INFO     | __main__:main:134 - {'message': 'I just found a meme! It was funny.', 'author': 'Bob'}
2025-02-03 20:51:13.188 | INFO     | __main__:process_message:115 - Processed JSON message: {'message': 'I just found a meme! It was funny.', 'author': 'Bob'}
2025-02-03 20:51:13.189 | INFO     | __main__:process_message:121 - Message received from author: Bob
2025-02-03 20:51:13.190 | INFO     | __main__:process_message:127 - Updated author counts: {'Bob': 11, 'Alice': 9, 'Charlie': 10, 'Eve': 9}
2025-02-03 20:51:13.271 | INFO     | __main__:process_message:133 - Chart updated successfully for message: {"message": "I just found a meme! It was funny.", "author": "Bob"}

2025-02-03 20:51:15.992 | INFO     | __main__:main:134 - {'message': 'I just loved a movie! It was exciting.', 'author': 'Eve'}
2025-02-03 20:51:16.283 | INFO     | __main__:process_message:115 - Processed JSON message: {'message': 'I just loved a movie! It was exciting.', 'author': 'Eve'}
2025-02-03 20:51:16.284 | INFO     | __main__:process_message:121 - Message received from author: Eve
2025-02-03 20:51:16.285 | INFO     | __main__:process_message:127 - Updated author counts: {'Bob': 11, 'Alice': 9, 'Charlie': 10, 'Eve': 10}
2025-02-03 20:51:16.372 | INFO     | __main__:process_message:133 - Chart updated successfully for message: {"message": "I just loved a movie! It was exciting.", "author": "Eve"}

2025-02-03 20:51:18.994 | INFO     | __main__:main:134 - {'message': 'I just loved a movie! It was exciting.', 'author': 'Eve'}
2025-02-03 20:51:19.381 | INFO     | __main__:process_message:115 - Processed JSON message: {'message': 'I just loved a movie! It was exciting.', 'author': 'Eve'}
2025-02-03 20:51:19.382 | INFO     | __main__:process_message:121 - Message received from author: Eve
2025-02-03 20:51:19.383 | INFO     | __main__:process_message:127 - Updated author counts: {'Bob': 11, 'Alice': 9, 'Charlie': 10, 'Eve': 11}
2025-02-03 20:51:19.464 | INFO     | __main__:process_message:133 - Chart updated successfully for message: {"message": "I just loved a movie! It was exciting.", "author": "Eve"}

2025-02-03 20:51:21.996 | INFO     | __main__:main:134 - {'message': 'I just found an app! It was boring.', 'author': 'Eve'}
2025-02-03 20:51:22.475 | INFO     | __main__:process_message:115 - Processed JSON message: {'message': 'I just found an app! It was boring.', 'author': 'Eve'}
2025-02-03 20:51:22.476 | INFO     | __main__:process_message:121 - Message received from author: Eve
2025-02-03 20:51:22.477 | INFO     | __main__:process_message:127 - Updated author counts: {'Bob': 11, 'Alice': 9, 'Charlie': 10, 'Eve': 12}
2025-02-03 20:51:22.555 | INFO     | __main__:process_message:133 - Chart updated successfully for message: {"message": "I just found an app! It was boring.", "author": "Eve"}

2025-02-03 20:51:24.999 | INFO     | __main__:main:134 - {'message': 'I just shared a meme! It was funny.', 'author': 'Alice'}
2025-02-03 20:51:25.063 | INFO     | __main__:process_message:115 - Processed JSON message: {'message': 'I just shared a meme! It was funny.', 'author': 'Alice'}
2025-02-03 20:51:25.064 | INFO     | __main__:process_message:121 - Message received from author: Alice
2025-02-03 20:51:25.064 | INFO     | __main__:process_message:127 - Updated author counts: {'Bob': 11, 'Alice': 10, 'Charlie': 10, 'Eve': 12}
2025-02-03 20:51:25.119 | INFO     | __main__:process_message:133 - Chart updated successfully for message: {"message": "I just shared a meme! It was funny.", "author": "Alice"}

2025-02-03 20:51:28.001 | INFO     | __main__:main:134 - {'message': 'I just loved a story! It was exciting.', 'author': 'Alice'}
2025-02-03 20:51:28.130 | INFO     | __main__:process_message:115 - Processed JSON message: {'message': 'I just loved a story! It was exciting.', 'author': 'Alice'}
2025-02-03 20:51:28.132 | INFO     | __main__:process_message:121 - Message received from author: Alice
2025-02-03 20:51:28.132 | INFO     | __main__:process_message:127 - Updated author counts: {'Bob': 11, 'Alice': 11, 'Charlie': 10, 'Eve': 12}
2025-02-03 20:51:28.199 | INFO     | __main__:process_message:133 - Chart updated successfully for message: {"message": "I just loved a story! It was exciting.", "author": "Alice"}

2025-02-03 20:51:31.004 | INFO     | __main__:main:134 - {'message': 'I just saw a trick! It was exciting.', 'author': 'Bob'}
2025-02-03 20:51:31.209 | INFO     | __main__:process_message:115 - Processed JSON message: {'message': 'I just saw a trick! It was exciting.', 'author': 'Bob'}
2025-02-03 20:51:31.210 | INFO     | __main__:process_message:121 - Message received from author: Bob
2025-02-03 20:51:31.211 | INFO     | __main__:process_message:127 - Updated author counts: {'Bob': 12, 'Alice': 11, 'Charlie': 10, 'Eve': 12}
2025-02-03 20:51:31.291 | INFO     | __main__:process_message:133 - Chart updated successfully for message: {"message": "I just saw a trick! It was exciting.", "author": "Bob"}

2025-02-03 20:51:34.006 | INFO     | __main__:main:134 - {'message': 'I just shared a movie! It was boring.', 'author': 'Charlie'}
2025-02-03 20:51:34.302 | INFO     | __main__:process_message:115 - Processed JSON message: {'message': 'I just shared a movie! It was boring.', 'author': 'Charlie'}
2025-02-03 20:51:34.303 | INFO     | __main__:process_message:121 - Message received from author: Charlie
2025-02-03 20:51:34.304 | INFO     | __main__:process_message:127 - Updated author counts: {'Bob': 12, 'Alice': 11, 'Charlie': 11, 'Eve': 12}
2025-02-03 20:51:34.373 | INFO     | __main__:process_message:133 - Chart updated successfully for message: {"message": "I just shared a movie! It was boring.", "author": "Charlie"}

2025-02-03 20:51:37.008 | INFO     | __main__:main:134 - {'message': 'I just tried a meme! It was amazing.', 'author': 'Alice'}
2025-02-03 20:51:37.383 | INFO     | __main__:process_message:115 - Processed JSON message: {'message': 'I just tried a meme! It was amazing.', 'author': 'Alice'}
2025-02-03 20:51:37.384 | INFO     | __main__:process_message:121 - Message received from author: Alice
2025-02-03 20:51:37.385 | INFO     | __main__:process_message:127 - Updated author counts: {'Bob': 12, 'Alice': 12, 'Charlie': 11, 'Eve': 12}
2025-02-03 20:51:37.454 | INFO     | __main__:process_message:133 - Chart updated successfully for message: {"message": "I just tried a meme! It was amazing.", "author": "Alice"}

2025-02-03 20:51:40.010 | INFO     | __main__:main:134 - {'message': 'I just loved an app! It was exciting.', 'author': 'Charlie'}
2025-02-03 20:51:40.464 | INFO     | __main__:process_message:115 - Processed JSON message: {'message': 'I just loved an app! It was exciting.', 'author': 'Charlie'}
2025-02-03 20:51:40.465 | INFO     | __main__:process_message:121 - Message received from author: Charlie
2025-02-03 20:51:40.466 | INFO     | __main__:process_message:127 - Updated author counts: {'Bob': 12, 'Alice': 12, 'Charlie': 12, 'Eve': 12}
2025-02-03 20:51:40.541 | INFO     | __main__:process_message:133 - Chart updated successfully for message: {"message": "I just loved an app! It was exciting.", "author": "Charlie"}

2025-02-03 20:51:43.013 | INFO     | __main__:main:134 - {'message': 'I just tried a meme! It was boring.', 'author': 'Charlie'}
2025-02-03 20:51:43.050 | INFO     | __main__:process_message:115 - Processed JSON message: {'message': 'I just tried a meme! It was boring.', 'author': 'Charlie'}
2025-02-03 20:51:43.050 | INFO     | __main__:process_message:121 - Message received from author: Charlie
2025-02-03 20:51:43.051 | INFO     | __main__:process_message:127 - Updated author counts: {'Bob': 12, 'Alice': 12, 'Charlie': 13, 'Eve': 12}
2025-02-03 20:51:43.127 | INFO     | __main__:process_message:133 - Chart updated successfully for message: {"message": "I just tried a meme! It was boring.", "author": "Charlie"}

2025-02-03 20:51:46.015 | INFO     | __main__:main:134 - {'message': 'I just saw an app! It was amazing.', 'author': 'Charlie'}
2025-02-03 20:51:46.137 | INFO     | __main__:process_message:115 - Processed JSON message: {'message': 'I just saw an app! It was amazing.', 'author': 'Charlie'}
2025-02-03 20:51:46.138 | INFO     | __main__:process_message:121 - Message received from author: Charlie
2025-02-03 20:51:46.139 | INFO     | __main__:process_message:127 - Updated author counts: {'Bob': 12, 'Alice': 12, 'Charlie': 14, 'Eve': 12}
2025-02-03 20:51:46.216 | INFO     | __main__:process_message:133 - Chart updated successfully for message: {"message": "I just saw an app! It was amazing.", "author": "Charlie"}

2025-02-03 20:51:49.018 | INFO     | __main__:main:134 - {'message': 'I just found a trick! It was weird.', 'author': 'Bob'}
2025-02-03 20:51:49.227 | INFO     | __main__:process_message:115 - Processed JSON message: {'message': 'I just found a trick! It was weird.', 'author': 'Bob'}
2025-02-03 20:51:49.228 | INFO     | __main__:process_message:121 - Message received from author: Bob
2025-02-03 20:51:49.229 | INFO     | __main__:process_message:127 - Updated author counts: {'Bob': 13, 'Alice': 12, 'Charlie': 14, 'Eve': 12}
2025-02-03 20:51:49.308 | INFO     | __main__:process_message:133 - Chart updated successfully for message: {"message": "I just found a trick! It was weird.", "author": "Bob"}

2025-02-03 20:51:52.019 | INFO     | __main__:main:134 - {'message': 'I just found an app! It was funny.', 'author': 'Eve'}
2025-02-03 20:51:52.314 | INFO     | __main__:process_message:115 - Processed JSON message: {'message': 'I just found an app! It was funny.', 'author': 'Eve'}
2025-02-03 20:51:52.314 | INFO     | __main__:process_message:121 - Message received from author: Eve
2025-02-03 20:51:52.314 | INFO     | __main__:process_message:127 - Updated author counts: {'Bob': 13, 'Alice': 12, 'Charlie': 14, 'Eve': 13}
2025-02-03 20:51:52.393 | INFO     | __main__:process_message:133 - Chart updated successfully for message: {"message": "I just found an app! It was funny.", "author": "Eve"}

2025-02-03 20:51:55.021 | INFO     | __main__:main:134 - {'message': 'I just shared a meme! It was amazing.', 'author': 'Alice'}
2025-02-03 20:51:55.401 | INFO     | __main__:process_message:115 - Processed JSON message: {'message': 'I just shared a meme! It was amazing.', 'author': 'Alice'}
2025-02-03 20:51:55.402 | INFO     | __main__:process_message:121 - Message received from author: Alice
2025-02-03 20:51:55.403 | INFO     | __main__:process_message:127 - Updated author counts: {'Bob': 13, 'Alice': 13, 'Charlie': 14, 'Eve': 13}
2025-02-03 20:51:55.475 | INFO     | __main__:process_message:133 - Chart updated successfully for message: {"message": "I just shared a meme! It was amazing.", "author": "Alice"}

2025-02-03 20:51:58.023 | INFO     | __main__:main:134 - {'message': 'I just saw a story! It was exciting.', 'author': 'Charlie'}
2025-02-03 20:51:58.484 | INFO     | __main__:process_message:115 - Processed JSON message: {'message': 'I just saw a story! It was exciting.', 'author': 'Charlie'}
2025-02-03 20:51:58.484 | INFO     | __main__:process_message:121 - Message received from author: Charlie
2025-02-03 20:51:58.485 | INFO     | __main__:process_message:127 - Updated author counts: {'Bob': 13, 'Alice': 13, 'Charlie': 15, 'Eve': 13}
2025-02-03 20:51:58.540 | INFO     | __main__:process_message:133 - Chart updated successfully for message: {"message": "I just saw a story! It was exciting.", "author": "Charlie"}

2025-02-03 20:52:01.024 | INFO     | __main__:main:134 - {'message': 'I just tried a trick! It was exciting.', 'author': 'Bob'}
2025-02-03 20:52:01.047 | INFO     | __main__:process_message:115 - Processed JSON message: {'message': 'I just tried a trick! It was exciting.', 'author': 'Bob'}
2025-02-03 20:52:01.047 | INFO     | __main__:process_message:121 - Message received from author: Bob
2025-02-03 20:52:01.048 | INFO     | __main__:process_message:127 - Updated author counts: {'Bob': 14, 'Alice': 13, 'Charlie': 15, 'Eve': 13}
2025-02-03 20:52:01.128 | INFO     | __main__:process_message:133 - Chart updated successfully for message: {"message": "I just tried a trick! It was exciting.", "author": "Bob"}

2025-02-03 20:52:04.027 | INFO     | __main__:main:134 - {'message': 'I just found a meme! It was funny.', 'author': 'Eve'}
2025-02-03 20:52:04.136 | INFO     | __main__:process_message:115 - Processed JSON message: {'message': 'I just found a meme! It was funny.', 'author': 'Eve'}
2025-02-03 20:52:04.136 | INFO     | __main__:process_message:121 - Message received from author: Eve
2025-02-03 20:52:04.136 | INFO     | __main__:process_message:127 - Updated author counts: {'Bob': 14, 'Alice': 13, 'Charlie': 15, 'Eve': 14}
2025-02-03 20:52:04.207 | INFO     | __main__:process_message:133 - Chart updated successfully for message: {"message": "I just found a meme! It was funny.", "author": "Eve"}

2025-02-03 20:52:07.028 | INFO     | __main__:main:134 - {'message': 'I just tried a movie! It was boring.', 'author': 'Bob'}
2025-02-03 20:52:07.217 | INFO     | __main__:process_message:115 - Processed JSON message: {'message': 'I just tried a movie! It was boring.', 'author': 'Bob'}
2025-02-03 20:52:07.218 | INFO     | __main__:process_message:121 - Message received from author: Bob
2025-02-03 20:52:07.219 | INFO     | __main__:process_message:127 - Updated author counts: {'Bob': 15, 'Alice': 13, 'Charlie': 15, 'Eve': 14}
2025-02-03 20:52:07.296 | INFO     | __main__:process_message:133 - Chart updated successfully for message: {"message": "I just tried a movie! It was boring.", "author": "Bob"}

2025-02-03 20:52:10.030 | INFO     | __main__:main:134 - {'message': 'I just tried a meme! It was boring.', 'author': 'Eve'}
2025-02-03 20:52:10.307 | INFO     | __main__:process_message:115 - Processed JSON message: {'message': 'I just tried a meme! It was boring.', 'author': 'Eve'}
2025-02-03 20:52:10.307 | INFO     | __main__:process_message:121 - Message received from author: Eve
2025-02-03 20:52:10.307 | INFO     | __main__:process_message:127 - Updated author counts: {'Bob': 15, 'Alice': 13, 'Charlie': 15, 'Eve': 15}
2025-02-03 20:52:10.362 | INFO     | __main__:process_message:133 - Chart updated successfully for message: {"message": "I just tried a meme! It was boring.", "author": "Eve"}

2025-02-03 20:52:13.031 | INFO     | __main__:main:134 - {'message': 'I just loved an app! It was amazing.', 'author': 'Bob'}
2025-02-03 20:52:13.370 | INFO     | __main__:process_message:115 - Processed JSON message: {'message': 'I just loved an app! It was amazing.', 'author': 'Bob'}
2025-02-03 20:52:13.371 | INFO     | __main__:process_message:121 - Message received from author: Bob
2025-02-03 20:52:13.371 | INFO     | __main__:process_message:127 - Updated author counts: {'Bob': 16, 'Alice': 13, 'Charlie': 15, 'Eve': 15}
2025-02-03 20:52:13.425 | INFO     | __main__:process_message:133 - Chart updated successfully for message: {"message": "I just loved an app! It was amazing.", "author": "Bob"}

2025-02-03 20:52:16.034 | INFO     | __main__:main:134 - {'message': 'I just loved a story! It was weird.', 'author': 'Charlie'}
2025-02-03 20:52:16.434 | INFO     | __main__:process_message:115 - Processed JSON message: {'message': 'I just loved a story! It was weird.', 'author': 'Charlie'}
2025-02-03 20:52:16.434 | INFO     | __main__:process_message:121 - Message received from author: Charlie
2025-02-03 20:52:16.434 | INFO     | __main__:process_message:127 - Updated author counts: {'Bob': 16, 'Alice': 13, 'Charlie': 16, 'Eve': 15}
2025-02-03 20:52:16.494 | INFO     | __main__:process_message:133 - Chart updated successfully for message: {"message": "I just loved a story! It was weird.", "author": "Charlie"}

2025-02-03 20:52:19.035 | INFO     | __main__:main:134 - {'message': 'I just found a trick! It was boring.', 'author': 'Charlie'}
2025-02-03 20:52:19.502 | INFO     | __main__:process_message:115 - Processed JSON message: {'message': 'I just found a trick! It was boring.', 'author': 'Charlie'}
2025-02-03 20:52:19.502 | INFO     | __main__:process_message:121 - Message received from author: Charlie
2025-02-03 20:52:19.503 | INFO     | __main__:process_message:127 - Updated author counts: {'Bob': 16, 'Alice': 13, 'Charlie': 17, 'Eve': 15}
2025-02-03 20:52:19.564 | INFO     | __main__:process_message:133 - Chart updated successfully for message: {"message": "I just found a trick! It was boring.", "author": "Charlie"}

2025-02-03 20:52:22.036 | INFO     | __main__:main:134 - {'message': 'I just tried a movie! It was exciting.', 'author': 'Charlie'}
2025-02-03 20:52:22.069 | INFO     | __main__:process_message:115 - Processed JSON message: {'message': 'I just tried a movie! It was exciting.', 'author': 'Charlie'}
2025-02-03 20:52:22.070 | INFO     | __main__:process_message:121 - Message received from author: Charlie
2025-02-03 20:52:22.071 | INFO     | __main__:process_message:127 - Updated author counts: {'Bob': 16, 'Alice': 13, 'Charlie': 18, 'Eve': 15}
2025-02-03 20:52:22.142 | INFO     | __main__:process_message:133 - Chart updated successfully for message: {"message": "I just tried a movie! It was exciting.", "author": "Charlie"}

2025-02-03 20:52:25.039 | INFO     | __main__:main:134 - {'message': 'I just found a movie! It was exciting.', 'author': 'Charlie'}
2025-02-03 20:52:25.153 | INFO     | __main__:process_message:115 - Processed JSON message: {'message': 'I just found a movie! It was exciting.', 'author': 'Charlie'}
2025-02-03 20:52:25.154 | INFO     | __main__:process_message:121 - Message received from author: Charlie
2025-02-03 20:52:25.155 | INFO     | __main__:process_message:127 - Updated author counts: {'Bob': 16, 'Alice': 13, 'Charlie': 19, 'Eve': 15}
2025-02-03 20:52:25.225 | INFO     | __main__:process_message:133 - Chart updated successfully for message: {"message": "I just found a movie! It was exciting.", "author": "Charlie"}

2025-02-03 20:52:28.042 | INFO     | __main__:main:134 - {'message': 'I just tried a meme! It was boring.', 'author': 'Eve'}
2025-02-03 20:52:28.235 | INFO     | __main__:process_message:115 - Processed JSON message: {'message': 'I just tried a meme! It was boring.', 'author': 'Eve'}
2025-02-03 20:52:28.236 | INFO     | __main__:process_message:121 - Message received from author: Eve
2025-02-03 20:52:28.237 | INFO     | __main__:process_message:127 - Updated author counts: {'Bob': 16, 'Alice': 13, 'Charlie': 19, 'Eve': 16}
2025-02-03 20:52:28.324 | INFO     | __main__:process_message:133 - Chart updated successfully for message: {"message": "I just tried a meme! It was boring.", "author": "Eve"}

2025-02-03 20:52:31.043 | INFO     | __main__:main:134 - {'message': 'I just found an app! It was funny.', 'author': 'Charlie'}
2025-02-03 20:52:31.333 | INFO     | __main__:process_message:115 - Processed JSON message: {'message': 'I just found an app! It was funny.', 'author': 'Charlie'}
2025-02-03 20:52:31.335 | INFO     | __main__:process_message:121 - Message received from author: Charlie
2025-02-03 20:52:31.336 | INFO     | __main__:process_message:127 - Updated author counts: {'Bob': 16, 'Alice': 13, 'Charlie': 20, 'Eve': 16}
2025-02-03 20:52:31.420 | INFO     | __main__:process_message:133 - Chart updated successfully for message: {"message": "I just found an app! It was funny.", "author": "Charlie"}

2025-02-03 20:52:34.046 | INFO     | __main__:main:134 - {'message': 'I just found a movie! It was amazing.', 'author': 'Bob'}
2025-02-03 20:52:34.430 | INFO     | __main__:process_message:115 - Processed JSON message: {'message': 'I just found a movie! It was amazing.', 'author': 'Bob'}
2025-02-03 20:52:34.431 | INFO     | __main__:process_message:121 - Message received from author: Bob
2025-02-03 20:52:34.432 | INFO     | __main__:process_message:127 - Updated author counts: {'Bob': 17, 'Alice': 13, 'Charlie': 20, 'Eve': 16}
2025-02-03 20:52:34.520 | INFO     | __main__:process_message:133 - Chart updated successfully for message: {"message": "I just found a movie! It was amazing.", "author": "Bob"}

2025-02-03 20:52:37.048 | INFO     | __main__:main:134 - {'message': 'I just tried a story! It was amazing.', 'author': 'Bob'}
2025-02-03 20:52:37.531 | INFO     | __main__:process_message:115 - Processed JSON message: {'message': 'I just tried a story! It was amazing.', 'author': 'Bob'}
2025-02-03 20:52:37.532 | INFO     | __main__:process_message:121 - Message received from author: Bob
2025-02-03 20:52:37.533 | INFO     | __main__:process_message:127 - Updated author counts: {'Bob': 18, 'Alice': 13, 'Charlie': 20, 'Eve': 16}
2025-02-03 20:52:37.623 | INFO     | __main__:process_message:133 - Chart updated successfully for message: {"message": "I just tried a story! It was amazing.", "author": "Bob"}

2025-02-03 20:52:40.051 | INFO     | __main__:main:134 - {'message': 'I just loved a meme! It was exciting.', 'author': 'Alice'}
2025-02-03 20:52:40.132 | INFO     | __main__:process_message:115 - Processed JSON message: {'message': 'I just loved a meme! It was exciting.', 'author': 'Alice'}
2025-02-03 20:52:40.133 | INFO     | __main__:process_message:121 - Message received from author: Alice
2025-02-03 20:52:40.134 | INFO     | __main__:process_message:127 - Updated author counts: {'Bob': 18, 'Alice': 14, 'Charlie': 20, 'Eve': 16}
2025-02-03 20:52:40.227 | INFO     | __main__:process_message:133 - Chart updated successfully for message: {"message": "I just loved a meme! It was exciting.", "author": "Alice"}

2025-02-03 20:52:43.053 | INFO     | __main__:main:134 - {'message': 'I just saw a story! It was exciting.', 'author': 'Charlie'}
2025-02-03 20:52:43.237 | INFO     | __main__:process_message:115 - Processed JSON message: {'message': 'I just saw a story! It was exciting.', 'author': 'Charlie'}
2025-02-03 20:52:43.238 | INFO     | __main__:process_message:121 - Message received from author: Charlie
2025-02-03 20:52:43.238 | INFO     | __main__:process_message:127 - Updated author counts: {'Bob': 18, 'Alice': 14, 'Charlie': 21, 'Eve': 16}
2025-02-03 20:52:43.326 | INFO     | __main__:process_message:133 - Chart updated successfully for message: {"message": "I just saw a story! It was exciting.", "author": "Charlie"}

2025-02-03 20:52:46.056 | INFO     | __main__:main:134 - {'message': 'I just saw a meme! It was exciting.', 'author': 'Alice'}
2025-02-03 20:52:46.336 | INFO     | __main__:process_message:115 - Processed JSON message: {'message': 'I just saw a meme! It was exciting.', 'author': 'Alice'}
2025-02-03 20:52:46.337 | INFO     | __main__:process_message:121 - Message received from author: Alice
2025-02-03 20:52:46.338 | INFO     | __main__:process_message:127 - Updated author counts: {'Bob': 18, 'Alice': 15, 'Charlie': 21, 'Eve': 16}
2025-02-03 20:52:46.423 | INFO     | __main__:process_message:133 - Chart updated successfully for message: {"message": "I just saw a meme! It was exciting.", "author": "Alice"}

2025-02-03 20:52:49.058 | INFO     | __main__:main:134 - {'message': 'I just found an app! It was exciting.', 'author': 'Charlie'}
2025-02-03 20:52:49.433 | INFO     | __main__:process_message:115 - Processed JSON message: {'message': 'I just found an app! It was exciting.', 'author': 'Charlie'}
2025-02-03 20:52:49.434 | INFO     | __main__:process_message:121 - Message received from author: Charlie
2025-02-03 20:52:49.435 | INFO     | __main__:process_message:127 - Updated author counts: {'Bob': 18, 'Alice': 15, 'Charlie': 22, 'Eve': 16}
2025-02-03 20:52:49.505 | INFO     | __main__:process_message:133 - Chart updated successfully for message: {"message": "I just found an app! It was exciting.", "author": "Charlie"}

2025-02-03 20:52:52.060 | INFO     | __main__:main:134 - {'message': 'I just saw a meme! It was exciting.', 'author': 'Charlie'}
2025-02-03 20:52:52.511 | INFO     | __main__:process_message:115 - Processed JSON message: {'message': 'I just saw a meme! It was exciting.', 'author': 'Charlie'}
2025-02-03 20:52:52.511 | INFO     | __main__:process_message:121 - Message received from author: Charlie
2025-02-03 20:52:52.512 | INFO     | __main__:process_message:127 - Updated author counts: {'Bob': 18, 'Alice': 15, 'Charlie': 23, 'Eve': 16}
2025-02-03 20:52:52.590 | INFO     | __main__:process_message:133 - Chart updated successfully for message: {"message": "I just saw a meme! It was exciting.", "author": "Charlie"}

2025-02-03 20:52:55.062 | INFO     | __main__:main:134 - {'message': 'I just shared an app! It was weird.', 'author': 'Alice'}
2025-02-03 20:52:55.095 | INFO     | __main__:process_message:115 - Processed JSON message: {'message': 'I just shared an app! It was weird.', 'author': 'Alice'}
2025-02-03 20:52:55.095 | INFO     | __main__:process_message:121 - Message received from author: Alice
2025-02-03 20:52:55.095 | INFO     | __main__:process_message:127 - Updated author counts: {'Bob': 18, 'Alice': 16, 'Charlie': 23, 'Eve': 16}
2025-02-03 20:52:55.165 | INFO     | __main__:process_message:133 - Chart updated successfully for message: {"message": "I just shared an app! It was weird.", "author": "Alice"}

2025-02-03 20:52:58.064 | INFO     | __main__:main:134 - {'message': 'I just shared a movie! It was funny.', 'author': 'Eve'}
2025-02-03 20:52:58.175 | INFO     | __main__:process_message:115 - Processed JSON message: {'message': 'I just shared a movie! It was funny.', 'author': 'Eve'}
2025-02-03 20:52:58.175 | INFO     | __main__:process_message:121 - Message received from author: Eve
2025-02-03 20:52:58.176 | INFO     | __main__:process_message:127 - Updated author counts: {'Bob': 18, 'Alice': 16, 'Charlie': 23, 'Eve': 17}
2025-02-03 20:52:58.256 | INFO     | __main__:process_message:133 - Chart updated successfully for message: {"message": "I just shared a movie! It was funny.", "author": "Eve"}

2025-02-03 20:53:01.066 | INFO     | __main__:main:134 - {'message': 'I just loved an app! It was boring.', 'author': 'Eve'}
2025-02-03 20:53:01.266 | INFO     | __main__:process_message:115 - Processed JSON message: {'message': 'I just loved an app! It was boring.', 'author': 'Eve'}
2025-02-03 20:53:01.267 | INFO     | __main__:process_message:121 - Message received from author: Eve
2025-02-03 20:53:01.268 | INFO     | __main__:process_message:127 - Updated author counts: {'Bob': 18, 'Alice': 16, 'Charlie': 23, 'Eve': 18}
2025-02-03 20:53:01.346 | INFO     | __main__:process_message:133 - Chart updated successfully for message: {"message": "I just loved an app! It was boring.", "author": "Eve"}

2025-02-03 20:53:04.068 | INFO     | __main__:main:134 - {'message': 'I just loved a trick! It was boring.', 'author': 'Charlie'}
2025-02-03 20:53:04.363 | INFO     | __main__:process_message:115 - Processed JSON message: {'message': 'I just loved a trick! It was boring.', 'author': 'Charlie'}
2025-02-03 20:53:04.364 | INFO     | __main__:process_message:121 - Message received from author: Charlie
2025-02-03 20:53:04.365 | INFO     | __main__:process_message:127 - Updated author counts: {'Bob': 18, 'Alice': 16, 'Charlie': 24, 'Eve': 18}
2025-02-03 20:53:04.448 | INFO     | __main__:process_message:133 - Chart updated successfully for message: {"message": "I just loved a trick! It was boring.", "author": "Charlie"}

2025-02-03 20:53:07.071 | INFO     | __main__:main:134 - {'message': 'I just shared a movie! It was boring.', 'author': 'Bob'}
2025-02-03 20:53:07.457 | INFO     | __main__:process_message:115 - Processed JSON message: {'message': 'I just shared a movie! It was boring.', 'author': 'Bob'}
2025-02-03 20:53:07.458 | INFO     | __main__:process_message:121 - Message received from author: Bob
2025-02-03 20:53:07.459 | INFO     | __main__:process_message:127 - Updated author counts: {'Bob': 19, 'Alice': 16, 'Charlie': 24, 'Eve': 18}
2025-02-03 20:53:07.535 | INFO     | __main__:process_message:133 - Chart updated successfully for message: {"message": "I just shared a movie! It was boring.", "author": "Bob"}

2025-02-03 20:53:10.073 | INFO     | __main__:main:134 - {'message': 'I just tried a meme! It was weird.', 'author': 'Eve'}
2025-02-03 20:53:10.545 | INFO     | __main__:process_message:115 - Processed JSON message: {'message': 'I just tried a meme! It was weird.', 'author': 'Eve'}
2025-02-03 20:53:10.545 | INFO     | __main__:process_message:121 - Message received from author: Eve
2025-02-03 20:53:10.546 | INFO     | __main__:process_message:127 - Updated author counts: {'Bob': 19, 'Alice': 16, 'Charlie': 24, 'Eve': 19}
2025-02-03 20:53:10.610 | INFO     | __main__:process_message:133 - Chart updated successfully for message: {"message": "I just tried a meme! It was weird.", "author": "Eve"}

2025-02-03 20:53:13.076 | INFO     | __main__:main:134 - {'message': 'I just found a story! It was exciting.', 'author': 'Alice'}
2025-02-03 20:53:13.117 | INFO     | __main__:process_message:115 - Processed JSON message: {'message': 'I just found a story! It was exciting.', 'author': 'Alice'}
2025-02-03 20:53:13.118 | INFO     | __main__:process_message:121 - Message received from author: Alice
2025-02-03 20:53:13.119 | INFO     | __main__:process_message:127 - Updated author counts: {'Bob': 19, 'Alice': 17, 'Charlie': 24, 'Eve': 19}
2025-02-03 20:53:13.191 | INFO     | __main__:process_message:133 - Chart updated successfully for message: {"message": "I just found a story! It was exciting.", "author": "Alice"}

2025-02-03 20:53:16.079 | INFO     | __main__:main:134 - {'message': 'I just found a story! It was weird.', 'author': 'Alice'}
2025-02-03 20:53:16.200 | INFO     | __main__:process_message:115 - Processed JSON message: {'message': 'I just found a story! It was weird.', 'author': 'Alice'}
2025-02-03 20:53:16.201 | INFO     | __main__:process_message:121 - Message received from author: Alice
2025-02-03 20:53:16.202 | INFO     | __main__:process_message:127 - Updated author counts: {'Bob': 19, 'Alice': 18, 'Charlie': 24, 'Eve': 19}
2025-02-03 20:53:16.298 | INFO     | __main__:process_message:133 - Chart updated successfully for message: {"message": "I just found a story! It was weird.", "author": "Alice"}

2025-02-03 20:53:19.081 | INFO     | __main__:main:134 - {'message': 'I just saw an app! It was amazing.', 'author': 'Bob'}
2025-02-03 20:53:19.308 | INFO     | __main__:process_message:115 - Processed JSON message: {'message': 'I just saw an app! It was amazing.', 'author': 'Bob'}
2025-02-03 20:53:19.309 | INFO     | __main__:process_message:121 - Message received from author: Bob
2025-02-03 20:53:19.310 | INFO     | __main__:process_message:127 - Updated author counts: {'Bob': 20, 'Alice': 18, 'Charlie': 24, 'Eve': 19}
2025-02-03 20:53:19.404 | INFO     | __main__:process_message:133 - Chart updated successfully for message: {"message": "I just saw an app! It was amazing.", "author": "Bob"}

2025-02-03 20:53:22.083 | INFO     | __main__:main:134 - {'message': 'I just found an app! It was exciting.', 'author': 'Eve'}
2025-02-03 20:53:22.414 | INFO     | __main__:process_message:115 - Processed JSON message: {'message': 'I just found an app! It was exciting.', 'author': 'Eve'}
2025-02-03 20:53:22.414 | INFO     | __main__:process_message:121 - Message received from author: Eve
2025-02-03 20:53:22.415 | INFO     | __main__:process_message:127 - Updated author counts: {'Bob': 20, 'Alice': 18, 'Charlie': 24, 'Eve': 20}
2025-02-03 20:53:22.469 | INFO     | __main__:process_message:133 - Chart updated successfully for message: {"message": "I just found an app! It was exciting.", "author": "Eve"}

2025-02-03 20:53:25.085 | INFO     | __main__:main:134 - {'message': 'I just loved a trick! It was boring.', 'author': 'Charlie'}
2025-02-03 20:53:25.476 | INFO     | __main__:process_message:115 - Processed JSON message: {'message': 'I just loved a trick! It was boring.', 'author': 'Charlie'}
2025-02-03 20:53:25.477 | INFO     | __main__:process_message:121 - Message received from author: Charlie
2025-02-03 20:53:25.477 | INFO     | __main__:process_message:127 - Updated author counts: {'Bob': 20, 'Alice': 18, 'Charlie': 25, 'Eve': 20}
2025-02-03 20:53:25.543 | INFO     | __main__:process_message:133 - Chart updated successfully for message: {"message": "I just loved a trick! It was boring.", "author": "Charlie"}

2025-02-03 20:53:28.087 | INFO     | __main__:main:134 - {'message': 'I just tried a trick! It was weird.', 'author': 'Alice'}
2025-02-03 20:53:28.551 | INFO     | __main__:process_message:115 - Processed JSON message: {'message': 'I just tried a trick! It was weird.', 'author': 'Alice'}
2025-02-03 20:53:28.552 | INFO     | __main__:process_message:121 - Message received from author: Alice
2025-02-03 20:53:28.553 | INFO     | __main__:process_message:127 - Updated author counts: {'Bob': 20, 'Alice': 19, 'Charlie': 25, 'Eve': 20}
2025-02-03 20:53:28.635 | INFO     | __main__:process_message:133 - Chart updated successfully for message: {"message": "I just tried a trick! It was weird.", "author": "Alice"}

2025-02-03 20:53:31.088 | INFO     | __main__:main:134 - {'message': 'I just shared a story! It was boring.', 'author': 'Charlie'}
2025-02-03 20:53:31.142 | INFO     | __main__:process_message:115 - Processed JSON message: {'message': 'I just shared a story! It was boring.', 'author': 'Charlie'}
2025-02-03 20:53:31.142 | INFO     | __main__:process_message:121 - Message received from author: Charlie
2025-02-03 20:53:31.142 | INFO     | __main__:process_message:127 - Updated author counts: {'Bob': 20, 'Alice': 19, 'Charlie': 26, 'Eve': 20}
2025-02-03 20:53:31.194 | INFO     | __main__:process_message:133 - Chart updated successfully for message: {"message": "I just shared a story! It was boring.", "author": "Charlie"}

2025-02-03 20:53:34.089 | INFO     | __main__:main:134 - {'message': 'I just loved a story! It was exciting.', 'author': 'Eve'}
2025-02-03 20:53:34.204 | INFO     | __main__:process_message:115 - Processed JSON message: {'message': 'I just loved a story! It was exciting.', 'author': 'Eve'}
2025-02-03 20:53:34.204 | INFO     | __main__:process_message:121 - Message received from author: Eve
2025-02-03 20:53:34.205 | INFO     | __main__:process_message:127 - Updated author counts: {'Bob': 20, 'Alice': 19, 'Charlie': 26, 'Eve': 21}
2025-02-03 20:53:34.263 | INFO     | __main__:process_message:133 - Chart updated successfully for message: {"message": "I just loved a story! It was exciting.", "author": "Eve"}

2025-02-03 20:53:37.090 | INFO     | __main__:main:134 - {'message': 'I just shared a story! It was amazing.', 'author': 'Eve'}
2025-02-03 20:53:37.271 | INFO     | __main__:process_message:115 - Processed JSON message: {'message': 'I just shared a story! It was amazing.', 'author': 'Eve'}
2025-02-03 20:53:37.272 | INFO     | __main__:process_message:121 - Message received from author: Eve
2025-02-03 20:53:37.273 | INFO     | __main__:process_message:127 - Updated author counts: {'Bob': 20, 'Alice': 19, 'Charlie': 26, 'Eve': 22}
2025-02-03 20:53:37.342 | INFO     | __main__:process_message:133 - Chart updated successfully for message: {"message": "I just shared a story! It was amazing.", "author": "Eve"}

2025-02-03 20:53:40.092 | INFO     | __main__:main:134 - {'message': 'I just tried a trick! It was weird.', 'author': 'Charlie'}
2025-02-03 20:53:40.352 | INFO     | __main__:process_message:115 - Processed JSON message: {'message': 'I just tried a trick! It was weird.', 'author': 'Charlie'}
2025-02-03 20:53:40.352 | INFO     | __main__:process_message:121 - Message received from author: Charlie
2025-02-03 20:53:40.352 | INFO     | __main__:process_message:127 - Updated author counts: {'Bob': 20, 'Alice': 19, 'Charlie': 27, 'Eve': 22}
2025-02-03 20:53:40.422 | INFO     | __main__:process_message:133 - Chart updated successfully for message: {"message": "I just tried a trick! It was weird.", "author": "Charlie"}

2025-02-03 20:53:43.094 | INFO     | __main__:main:134 - {'message': 'I just tried a meme! It was amazing.', 'author': 'Charlie'}
2025-02-03 20:53:43.433 | INFO     | __main__:process_message:115 - Processed JSON message: {'message': 'I just tried a meme! It was amazing.', 'author': 'Charlie'}
2025-02-03 20:53:43.434 | INFO     | __main__:process_message:121 - Message received from author: Charlie
2025-02-03 20:53:43.435 | INFO     | __main__:process_message:127 - Updated author counts: {'Bob': 20, 'Alice': 19, 'Charlie': 28, 'Eve': 22}
2025-02-03 20:53:43.511 | INFO     | __main__:process_message:133 - Chart updated successfully for message: {"message": "I just tried a meme! It was amazing.", "author": "Charlie"}

2025-02-03 20:53:46.096 | INFO     | __main__:main:134 - {'message': 'I just shared a story! It was boring.', 'author': 'Eve'}
2025-02-03 20:53:46.518 | INFO     | __main__:process_message:115 - Processed JSON message: {'message': 'I just shared a story! It was boring.', 'author': 'Eve'}
2025-02-03 20:53:46.519 | INFO     | __main__:process_message:121 - Message received from author: Eve
2025-02-03 20:53:46.519 | INFO     | __main__:process_message:127 - Updated author counts: {'Bob': 20, 'Alice': 19, 'Charlie': 28, 'Eve': 23}
2025-02-03 20:53:46.592 | INFO     | __main__:process_message:133 - Chart updated successfully for message: {"message": "I just shared a story! It was boring.", "author": "Eve"}

2025-02-03 20:53:49.098 | INFO     | __main__:main:134 - {'message': 'I just found an app! It was funny.', 'author': 'Alice'}
2025-02-03 20:53:49.601 | INFO     | __main__:process_message:115 - Processed JSON message: {'message': 'I just found an app! It was funny.', 'author': 'Alice'}
2025-02-03 20:53:49.601 | INFO     | __main__:process_message:121 - Message received from author: Alice
2025-02-03 20:53:49.602 | INFO     | __main__:process_message:127 - Updated author counts: {'Bob': 20, 'Alice': 20, 'Charlie': 28, 'Eve': 23}
2025-02-03 20:53:49.678 | INFO     | __main__:process_message:133 - Chart updated successfully for message: {"message": "I just found an app! It was funny.", "author": "Alice"}

2025-02-03 20:53:52.101 | INFO     | __main__:main:134 - {'message': 'I just shared a movie! It was boring.', 'author': 'Bob'}
2025-02-03 20:53:52.184 | INFO     | __main__:process_message:115 - Processed JSON message: {'message': 'I just shared a movie! It was boring.', 'author': 'Bob'}
2025-02-03 20:53:52.185 | INFO     | __main__:process_message:121 - Message received from author: Bob
2025-02-03 20:53:52.185 | INFO     | __main__:process_message:127 - Updated author counts: {'Bob': 21, 'Alice': 20, 'Charlie': 28, 'Eve': 23}
2025-02-03 20:53:52.370 | INFO     | __main__:process_message:133 - Chart updated successfully for message: {"message": "I just shared a movie! It was boring.", "author": "Bob"}

2025-02-03 20:53:55.104 | INFO     | __main__:main:134 - {'message': 'I just loved an app! It was funny.', 'author': 'Eve'}
2025-02-03 20:53:55.375 | INFO     | __main__:process_message:115 - Processed JSON message: {'message': 'I just loved an app! It was funny.', 'author': 'Eve'}
2025-02-03 20:53:55.375 | INFO     | __main__:process_message:121 - Message received from author: Eve
2025-02-03 20:53:55.376 | INFO     | __main__:process_message:127 - Updated author counts: {'Bob': 21, 'Alice': 20, 'Charlie': 28, 'Eve': 24}
2025-02-03 20:53:55.421 | INFO     | __main__:process_message:133 - Chart updated successfully for message: {"message": "I just loved an app! It was funny.", "author": "Eve"}

2025-02-03 20:53:58.106 | INFO     | __main__:main:134 - {'message': 'I just shared a movie! It was funny.', 'author': 'Bob'}
2025-02-03 20:53:58.430 | INFO     | __main__:process_message:115 - Processed JSON message: {'message': 'I just shared a movie! It was funny.', 'author': 'Bob'}
2025-02-03 20:53:58.431 | INFO     | __main__:process_message:121 - Message received from author: Bob
2025-02-03 20:53:58.432 | INFO     | __main__:process_message:127 - Updated author counts: {'Bob': 22, 'Alice': 20, 'Charlie': 28, 'Eve': 24}
2025-02-03 20:53:58.483 | INFO     | __main__:process_message:133 - Chart updated successfully for message: {"message": "I just shared a movie! It was funny.", "author": "Bob"}

2025-02-03 20:54:01.108 | INFO     | __main__:main:134 - {'message': 'I just shared an app! It was exciting.', 'author': 'Charlie'}
2025-02-03 20:54:01.496 | INFO     | __main__:process_message:115 - Processed JSON message: {'message': 'I just shared an app! It was exciting.', 'author': 'Charlie'}
2025-02-03 20:54:01.497 | INFO     | __main__:process_message:121 - Message received from author: Charlie
2025-02-03 20:54:01.498 | INFO     | __main__:process_message:127 - Updated author counts: {'Bob': 22, 'Alice': 20, 'Charlie': 29, 'Eve': 24}
2025-02-03 20:54:01.565 | INFO     | __main__:process_message:133 - Chart updated successfully for message: {"message": "I just shared an app! It was exciting.", "author": "Charlie"}

2025-02-03 20:54:04.110 | INFO     | __main__:main:134 - {'message': 'I just found a story! It was weird.', 'author': 'Bob'}
2025-02-03 20:54:04.572 | INFO     | __main__:process_message:115 - Processed JSON message: {'message': 'I just found a story! It was weird.', 'author': 'Bob'}
2025-02-03 20:54:04.573 | INFO     | __main__:process_message:121 - Message received from author: Bob
2025-02-03 20:54:04.573 | INFO     | __main__:process_message:127 - Updated author counts: {'Bob': 23, 'Alice': 20, 'Charlie': 29, 'Eve': 24}
2025-02-03 20:54:04.612 | INFO     | __main__:process_message:133 - Chart updated successfully for message: {"message": "I just found a story! It was weird.", "author": "Bob"}

2025-02-03 20:54:07.111 | INFO     | __main__:main:134 - {'message': 'I just tried a story! It was funny.', 'author': 'Charlie'}
2025-02-03 20:54:07.118 | INFO     | __main__:process_message:115 - Processed JSON message: {'message': 'I just tried a story! It was funny.', 'author': 'Charlie'}
2025-02-03 20:54:07.118 | INFO     | __main__:process_message:121 - Message received from author: Charlie
2025-02-03 20:54:07.119 | INFO     | __main__:process_message:127 - Updated author counts: {'Bob': 23, 'Alice': 20, 'Charlie': 30, 'Eve': 24}
2025-02-03 20:54:07.158 | INFO     | __main__:process_message:133 - Chart updated successfully for message: {"message": "I just tried a story! It was funny.", "author": "Charlie"}

2025-02-03 20:54:10.112 | INFO     | __main__:main:134 - {'message': 'I just shared a story! It was amazing.', 'author': 'Bob'}
2025-02-03 20:54:10.164 | INFO     | __main__:process_message:115 - Processed JSON message: {'message': 'I just shared a story! It was amazing.', 'author': 'Bob'}
2025-02-03 20:54:10.164 | INFO     | __main__:process_message:121 - Message received from author: Bob
2025-02-03 20:54:10.164 | INFO     | __main__:process_message:127 - Updated author counts: {'Bob': 24, 'Alice': 20, 'Charlie': 30, 'Eve': 24}
2025-02-03 20:54:10.206 | INFO     | __main__:process_message:133 - Chart updated successfully for message: {"message": "I just shared a story! It was amazing.", "author": "Bob"}

2025-02-03 20:54:13.115 | INFO     | __main__:main:134 - {'message': 'I just saw a trick! It was boring.', 'author': 'Charlie'}
2025-02-03 20:54:13.212 | INFO     | __main__:process_message:115 - Processed JSON message: {'message': 'I just saw a trick! It was boring.', 'author': 'Charlie'}
2025-02-03 20:54:13.213 | INFO     | __main__:process_message:121 - Message received from author: Charlie
2025-02-03 20:54:13.214 | INFO     | __main__:process_message:127 - Updated author counts: {'Bob': 24, 'Alice': 20, 'Charlie': 31, 'Eve': 24}
2025-02-03 20:54:13.280 | INFO     | __main__:process_message:133 - Chart updated successfully for message: {"message": "I just saw a trick! It was boring.", "author": "Charlie"}

2025-02-03 20:54:16.117 | INFO     | __main__:main:134 - {'message': 'I just shared a meme! It was funny.', 'author': 'Eve'}
2025-02-03 20:54:16.288 | INFO     | __main__:process_message:115 - Processed JSON message: {'message': 'I just shared a meme! It was funny.', 'author': 'Eve'}
2025-02-03 20:54:16.289 | INFO     | __main__:process_message:121 - Message received from author: Eve
2025-02-03 20:54:16.290 | INFO     | __main__:process_message:127 - Updated author counts: {'Bob': 24, 'Alice': 20, 'Charlie': 31, 'Eve': 25}
2025-02-03 20:54:16.429 | INFO     | __main__:process_message:133 - Chart updated successfully for message: {"message": "I just shared a meme! It was funny.", "author": "Eve"}

2025-02-03 20:54:19.118 | INFO     | __main__:main:134 - {'message': 'I just saw an app! It was boring.', 'author': 'Bob'}
2025-02-03 20:54:19.439 | INFO     | __main__:process_message:115 - Processed JSON message: {'message': 'I just saw an app! It was boring.', 'author': 'Bob'}
2025-02-03 20:54:19.439 | INFO     | __main__:process_message:121 - Message received from author: Bob
2025-02-03 20:54:19.439 | INFO     | __main__:process_message:127 - Updated author counts: {'Bob': 25, 'Alice': 20, 'Charlie': 31, 'Eve': 25}
2025-02-03 20:54:19.475 | INFO     | __main__:process_message:133 - Chart updated successfully for message: {"message": "I just saw an app! It was boring.", "author": "Bob"}

2025-02-03 20:54:22.120 | INFO     | __main__:main:134 - {'message': 'I just loved an app! It was weird.', 'author': 'Bob'}
2025-02-03 20:54:22.484 | INFO     | __main__:process_message:115 - Processed JSON message: {'message': 'I just loved an app! It was weird.', 'author': 'Bob'}
2025-02-03 20:54:22.485 | INFO     | __main__:process_message:121 - Message received from author: Bob
2025-02-03 20:54:22.486 | INFO     | __main__:process_message:127 - Updated author counts: {'Bob': 26, 'Alice': 20, 'Charlie': 31, 'Eve': 25}
2025-02-03 20:54:22.550 | INFO     | __main__:process_message:133 - Chart updated successfully for message: {"message": "I just loved an app! It was weird.", "author": "Bob"}

2025-02-03 20:54:25.122 | INFO     | __main__:main:134 - {'message': 'I just found a meme! It was weird.', 'author': 'Alice'}
2025-02-03 20:54:25.558 | INFO     | __main__:process_message:115 - Processed JSON message: {'message': 'I just found a meme! It was weird.', 'author': 'Alice'}
2025-02-03 20:54:25.559 | INFO     | __main__:process_message:121 - Message received from author: Alice
2025-02-03 20:54:25.559 | INFO     | __main__:process_message:127 - Updated author counts: {'Bob': 26, 'Alice': 21, 'Charlie': 31, 'Eve': 25}
2025-02-03 20:54:25.605 | INFO     | __main__:process_message:133 - Chart updated successfully for message: {"message": "I just found a meme! It was weird.", "author": "Alice"}

2025-02-03 20:54:28.123 | INFO     | __main__:main:134 - {'message': 'I just tried a trick! It was weird.', 'author': 'Eve'}
2025-02-03 20:54:28.614 | INFO     | __main__:process_message:115 - Processed JSON message: {'message': 'I just tried a trick! It was weird.', 'author': 'Eve'}
2025-02-03 20:54:28.615 | INFO     | __main__:process_message:121 - Message received from author: Eve
2025-02-03 20:54:28.616 | INFO     | __main__:process_message:127 - Updated author counts: {'Bob': 26, 'Alice': 21, 'Charlie': 31, 'Eve': 26}
2025-02-03 20:54:28.679 | INFO     | __main__:process_message:133 - Chart updated successfully for message: {"message": "I just tried a trick! It was weird.", "author": "Eve"}

2025-02-03 20:54:31.126 | INFO     | __main__:main:134 - {'message': 'I just found an app! It was exciting.', 'author': 'Bob'}
2025-02-03 20:54:31.186 | INFO     | __main__:process_message:115 - Processed JSON message: {'message': 'I just found an app! It was exciting.', 'author': 'Bob'}
2025-02-03 20:54:31.186 | INFO     | __main__:process_message:121 - Message received from author: Bob
2025-02-03 20:54:31.187 | INFO     | __main__:process_message:127 - Updated author counts: {'Bob': 27, 'Alice': 21, 'Charlie': 31, 'Eve': 26}
2025-02-03 20:54:31.238 | INFO     | __main__:process_message:133 - Chart updated successfully for message: {"message": "I just found an app! It was exciting.", "author": "Bob"}

2025-02-03 20:54:34.127 | INFO     | __main__:main:134 - {'message': 'I just tried an app! It was amazing.', 'author': 'Eve'}
2025-02-03 20:54:34.247 | INFO     | __main__:process_message:115 - Processed JSON message: {'message': 'I just tried an app! It was amazing.', 'author': 'Eve'}
2025-02-03 20:54:34.248 | INFO     | __main__:process_message:121 - Message received from author: Eve
2025-02-03 20:54:34.249 | INFO     | __main__:process_message:127 - Updated author counts: {'Bob': 27, 'Alice': 21, 'Charlie': 31, 'Eve': 27}
2025-02-03 20:54:34.314 | INFO     | __main__:process_message:133 - Chart updated successfully for message: {"message": "I just tried an app! It was amazing.", "author": "Eve"}

2025-02-03 20:54:37.129 | INFO     | __main__:main:134 - {'message': 'I just shared a trick! It was funny.', 'author': 'Charlie'}
2025-02-03 20:54:37.324 | INFO     | __main__:process_message:115 - Processed JSON message: {'message': 'I just shared a trick! It was funny.', 'author': 'Charlie'}
2025-02-03 20:54:37.324 | INFO     | __main__:process_message:121 - Message received from author: Charlie
2025-02-03 20:54:37.324 | INFO     | __main__:process_message:127 - Updated author counts: {'Bob': 27, 'Alice': 21, 'Charlie': 32, 'Eve': 27}
2025-02-03 20:54:37.376 | INFO     | __main__:process_message:133 - Chart updated successfully for message: {"message": "I just shared a trick! It was funny.", "author": "Charlie"}

2025-02-03 20:54:40.132 | INFO     | __main__:main:134 - {'message': 'I just saw a trick! It was boring.', 'author': 'Charlie'}
2025-02-03 20:54:40.384 | INFO     | __main__:process_message:115 - Processed JSON message: {'message': 'I just saw a trick! It was boring.', 'author': 'Charlie'}
2025-02-03 20:54:40.385 | INFO     | __main__:process_message:121 - Message received from author: Charlie
2025-02-03 20:54:40.385 | INFO     | __main__:process_message:127 - Updated author counts: {'Bob': 27, 'Alice': 21, 'Charlie': 33, 'Eve': 27}
2025-02-03 20:54:40.436 | INFO     | __main__:process_message:133 - Chart updated successfully for message: {"message": "I just saw a trick! It was boring.", "author": "Charlie"}

2025-02-03 20:54:43.134 | INFO     | __main__:main:134 - {'message': 'I just found a story! It was funny.', 'author': 'Charlie'}
2025-02-03 20:54:43.445 | INFO     | __main__:process_message:115 - Processed JSON message: {'message': 'I just found a story! It was funny.', 'author': 'Charlie'}
2025-02-03 20:54:43.446 | INFO     | __main__:process_message:121 - Message received from author: Charlie
2025-02-03 20:54:43.446 | INFO     | __main__:process_message:127 - Updated author counts: {'Bob': 27, 'Alice': 21, 'Charlie': 34, 'Eve': 27}
2025-02-03 20:54:43.511 | INFO     | __main__:process_message:133 - Chart updated successfully for message: {"message": "I just found a story! It was funny.", "author": "Charlie"}

2025-02-03 20:54:46.136 | INFO     | __main__:main:134 - {'message': 'I just shared a movie! It was funny.', 'author': 'Alice'}
2025-02-03 20:54:46.523 | INFO     | __main__:process_message:115 - Processed JSON message: {'message': 'I just shared a movie! It was funny.', 'author': 'Alice'}
2025-02-03 20:54:46.523 | INFO     | __main__:process_message:121 - Message received from author: Alice
2025-02-03 20:54:46.524 | INFO     | __main__:process_message:127 - Updated author counts: {'Bob': 27, 'Alice': 22, 'Charlie': 34, 'Eve': 27}
2025-02-03 20:54:46.561 | INFO     | __main__:process_message:133 - Chart updated successfully for message: {"message": "I just shared a movie! It was funny.", "author": "Alice"}

2025-02-03 20:54:49.138 | INFO     | __main__:main:134 - {'message': 'I just shared a movie! It was amazing.', 'author': 'Alice'}
2025-02-03 20:54:49.569 | INFO     | __main__:process_message:115 - Processed JSON message: {'message': 'I just shared a movie! It was amazing.', 'author': 'Alice'}
2025-02-03 20:54:49.570 | INFO     | __main__:process_message:121 - Message received from author: Alice
2025-02-03 20:54:49.571 | INFO     | __main__:process_message:127 - Updated author counts: {'Bob': 27, 'Alice': 23, 'Charlie': 34, 'Eve': 27}
2025-02-03 20:54:49.630 | INFO     | __main__:process_message:133 - Chart updated successfully for message: {"message": "I just shared a movie! It was amazing.", "author": "Alice"}

2025-02-03 20:54:52.151 | INFO     | __main__:main:134 - {'message': 'I just loved a meme! It was funny.', 'author': 'Bob'}
2025-02-03 20:54:52.654 | INFO     | __main__:process_message:115 - Processed JSON message: {'message': 'I just loved a meme! It was funny.', 'author': 'Bob'}
2025-02-03 20:54:52.654 | INFO     | __main__:process_message:121 - Message received from author: Bob
2025-02-03 20:54:52.655 | INFO     | __main__:process_message:127 - Updated author counts: {'Bob': 28, 'Alice': 23, 'Charlie': 34, 'Eve': 27}
2025-02-03 20:54:52.714 | INFO     | __main__:process_message:133 - Chart updated successfully for message: {"message": "I just loved a meme! It was funny.", "author": "Bob"}

2025-02-03 20:54:55.153 | INFO     | __main__:main:134 - {'message': 'I just found a story! It was boring.', 'author': 'Eve'}
2025-02-03 20:54:55.222 | INFO     | __main__:process_message:115 - Processed JSON message: {'message': 'I just found a story! It was boring.', 'author': 'Eve'}
2025-02-03 20:54:55.223 | INFO     | __main__:process_message:121 - Message received from author: Eve
2025-02-03 20:54:55.223 | INFO     | __main__:process_message:127 - Updated author counts: {'Bob': 28, 'Alice': 23, 'Charlie': 34, 'Eve': 28}
2025-02-03 20:54:55.262 | INFO     | __main__:process_message:133 - Chart updated successfully for message: {"message": "I just found a story! It was boring.", "author": "Eve"}

2025-02-03 20:54:56.863 | INFO     | __main__:main:186 - Consumer interrupted by user.
2025-02-03 20:54:58.154 | INFO     | __main__:main:134 - {'message': 'I just loved a trick! It was weird.', 'author': 'Alice'}
2025-02-03 20:55:01.157 | INFO     | __main__:main:134 - {'message': 'I just loved a meme! It was boring.', 'author': 'Alice'}
2025-02-03 20:55:04.158 | INFO     | __main__:main:134 - {'message': 'I just loved an app! It was exciting.', 'author': 'Charlie'}
2025-02-03 20:55:05.081 | INFO     | __main__:main:192 - Consumer closed.
